<?xml version="1.0" encoding="UTF-8"?>
<testsuite xmlns:xsi="http://www.w3.org/2001/XMLSchema-instance" xsi:noNamespaceSchemaLocation="https://maven.apache.org/surefire/maven-surefire-plugin/xsd/surefire-test-report-3.0.xsd" version="3.0" name="testrunners.TestRunner_Web" time="43.592" tests="1" errors="0" skipped="0" failures="0">
  <properties>
[...]
</properties>
  <testcase name="Search Old car from Automobiles section" classname="Search Old car feature" time="40.59">
    <system-out><![CDATA[
@WebTest
Scenario Outline: Search Old car from Automobiles section          # src/test/resources/features/WebUI/SearchOldCar.feature:24
  Given user navigates to automobiles section from home page       # stepdefinitions.WebUI.SearchOldCarSteps.user_navigates_to_automobiles_section_from_home_page()
  When user select old cars tab                                    # stepdefinitions.WebUI.SearchOldCarSteps.user_select_old_cars_tab()
  And user enters "MCA84" in keyword field                         # stepdefinitions.WebUI.SearchOldCarSteps.user_enters_in_keyword_field(java.lang.String)
  And user selects "Honda" from make dropdown                      # stepdefinitions.WebUI.SearchOldCarSteps.user_selects_from_make_dropdown(java.lang.String)
  And user selects "Civic" from model dropdown                     # stepdefinitions.WebUI.SearchOldCarSteps.user_selects_from_model_dropdown(java.lang.String)
  And user select "Sedan" from Body Style dropdown                 # stepdefinitions.WebUI.SearchOldCarSteps.user_select_from_body_style_dropdown(java.lang.String)
  And user clicks on search button                                 # stepdefinitions.WebUI.SearchOldCarSteps.user_clicks_on_search_button()
  Then search results are displayed                                # stepdefinitions.WebUI.SearchOldCarSteps.search_results_are_displayed()
  When user clicks on a search result containing "Civic" value     # stepdefinitions.WebUI.SearchOldCarSteps.user_clicks_on_a_search_result_containing_value(java.lang.String)
  Then old car details page is displayed                           # stepdefinitions.WebUI.SearchOldCarSteps.old_car_details_page_is_displayed()
  And "MCA84" information is displayed correctly for number plates # stepdefinitions.WebUI.SearchOldCarSteps.information_is_displayed_correctly_for_number_plates(java.lang.String)
  And "28,523km" information is displayed correctly for kilometers # stepdefinitions.WebUI.SearchOldCarSteps.information_is_displayed_correctly_for_kilometers(java.lang.String)
  And "Sedan" information is displayed correctly for car body      # stepdefinitions.WebUI.SearchOldCarSteps.information_is_displayed_correctly_for_car_body(java.lang.String)
  And "5" information is displayed correctly for seats             # stepdefinitions.WebUI.SearchOldCarSteps.information_is_displayed_correctly_for_seats(java.lang.String)
]]></system-out>
    <system-err><![CDATA[Starting ChromeDriver 101.0.4951.41 (93c720db8323b3ec10d056025ab95c23a31997c9-refs/branch-heads/4951@{#904}) on port 23364
Only local connections are allowed.
Please see https://chromedriver.chromium.org/security-considerations for suggestions on keeping ChromeDriver safe.
ChromeDriver was started successfully.
May 16, 2022 7:26:00 PM org.openqa.selenium.remote.ProtocolHandshake createSession
INFO: Detected dialect: W3C
]]></system-err>
  </testcase>
</testsuite>